<?xml version="1.0" encoding="utf-8"?><testsuites name="pytest tests"><testsuite name="pytest" errors="0" failures="0" skipped="1" tests="41" time="8.236" timestamp="2026-08-24T20:49:25.836446+00:00" hostname="agent-env-2ba2e801-82fc-44b7-bf47-ad63f00465ef"><testcase classname="tests.backend_test.TestAuth" name="test_login_admin" time="0.711" /><testcase classname="tests.backend_test.TestPOSAndStock" name="test_A_sale_donna1_decrements_only_donna1" time="1.677" /><testcase classname="tests.backend_test.TestAuth" name="test_login_demo_cassa_donna1" time="0.314" /><testcase classname="tests.backend_test.TestAuth" name="test_login_wrong_password" time="0.319" /><testcase classname="tests.backend_test.TestAuth" name="test_me_with_bearer" time="0.472" /><testcase classname="tests.backend_test.TestPOSAndStock" name="test_B_sale_donna2_decrements_only_donna2" time="0.421" /><testcase classname="tests.backend_test.TestAuth" name="test_me_without_token" time="0.079" /><testcase classname="tests.backend_test.TestAuth" name="test_demo_users_list" time="0.074" /><testcase classname="tests.backend_test.TestShopifyConn" name="test_list_connections" time="0.073" /><testcase classname="tests.backend_test.TestShopifyConn" name="test_update_and_test_connection" time="0.309" /><testcase classname="tests.backend_test.TestPOSAndStock" name="test_C_sale_uomo_does_not_affect_donna" time="1.959" /><testcase classname="tests.backend_test.TestShopifyConn" name="test_sync_enqueues" time="0.715" /><testcase classname="tests.backend_test.TestShopifyConn" name="test_sync_jobs_list" time="0.372" /><testcase classname="tests.backend_test.TestVariantLookup" name="test_lookup_by_ean" time="0.313" /><testcase classname="tests.backend_test.TestVariantLookup" name="test_lookup_by_sku" time="0.196" /><testcase classname="tests.backend_test.TestVariantLookup" name="test_lookup_not_found" time="0.187" /><testcase classname="tests.backend_test.TestPOSAndStock" name="test_sale_insufficient_stock_400" time="0.427" /><testcase classname="tests.backend_test.TestTransfers" name="test_D_transfer_donna1_to_donna2" time="0.499" /><testcase classname="tests.backend_test.TestMeta" name="test_locations" time="0.085" /><testcase classname="tests.backend_test.TestMeta" name="test_pools" time="0.071" /><testcase classname="tests.backend_test.TestMeta" name="test_products_seed" time="0.139" /><testcase classname="tests.backend_test.TestTransfers" name="test_transfer_cross_pool_rejected" time="0.300" /><testcase classname="tests.backend_test.TestUsers" name="test_list_users_admin" time="0.115" /><testcase classname="tests.backend_test.TestUsers" name="test_create_user_requires_admin" time="0.438" /><testcase classname="tests.backend_test.TestProductCreate" name="test_create_product_invalid_channel_for_donna" time="0.258" /><testcase classname="tests.backend_test.TestProductCreate" name="test_create_product_valid" time="0.129" /><testcase classname="tests.backend_test.TestCSV" name="test_csv_preview" time="0.073" /><testcase classname="tests.backend_test.TestCSV" name="test_csv_import" time="0.253" /><testcase classname="tests.test_supplementary.TestCashierPermissions" name="test_cassiere_cannot_list_users" time="0.413" /><testcase classname="tests.backend_test.TestDashboard" name="test_dashboard_summary" time="0.077" /><testcase classname="tests.backend_test.TestMovements" name="test_movements_list" time="0.077" /><testcase classname="tests.test_supplementary.TestCashierPermissions" name="test_cassiere_cannot_create_users" time="0.120" /><testcase classname="tests.backend_test.TestAudit" name="test_audit_logs" time="0.103" /><testcase classname="tests.backend_test.TestShopifyWebhook" name="test_E_webhook_idempotent" time="0.647" /><testcase classname="tests.backend_test.TestPromotions" name="test_create_promotion" time="0.082" /><testcase classname="tests.test_supplementary.TestChannelValidation" name="test_donna_with_shopify_uomo_rejected" time="0.379" /><testcase classname="tests.test_supplementary.TestPoolConsistency" name="test_donna_pool_invariant_after_transfer" time="0.525" /><testcase classname="tests.test_supplementary.TestDuplicateSKU" name="test_duplicate_sku_rejected" time="0.483" /><testcase classname="tests.test_supplementary.TestWebhookIdempotencyStrict" name="test_double_webhook_same_external_id" time="0.525" /><testcase classname="tests.test_supplementary.TestAuditLogsAfterWrites" name="test_audit_logs_ok_after_activity" time="0.084" /><testcase classname="tests.test_supplementary" name="test_mongo_indexes_present" time="0.001"><skipped type="pytest.skip" message="MONGO_URL/DB_NAME not set">/app/backend/tests/test_supplementary.py:128: MONGO_URL/DB_NAME not set</skipped></testcase></testsuite></testsuites>