<?xml version="1.0" encoding="utf-8"?><testsuites name="pytest tests"><testsuite name="pytest" errors="0" failures="0" skipped="1" tests="41" time="7.131" timestamp="2026-08-24T23:00:40.299093+00:00" hostname="agent-env-2ba2e801-82fc-44b7-bf47-ad63f00465ef"><testcase classname="tests.backend_test.TestAuth" name="test_login_admin" time="0.331" /><testcase classname="tests.backend_test.TestAuth" name="test_login_demo_cassa_donna1" time="0.508" /><testcase classname="tests.backend_test.TestPOSAndStock" name="test_A_sale_donna1_decrements_only_donna1" time="1.242" /><testcase classname="tests.backend_test.TestAuth" name="test_login_wrong_password" time="0.354" /><testcase classname="tests.backend_test.TestPOSAndStock" name="test_B_sale_donna2_decrements_only_donna2" time="0.498" /><testcase classname="tests.backend_test.TestAuth" name="test_me_with_bearer" time="0.463" /><testcase classname="tests.backend_test.TestAuth" name="test_me_without_token" time="0.071" /><testcase classname="tests.backend_test.TestAuth" name="test_demo_users_list" time="0.070" /><testcase classname="tests.backend_test.TestPOSAndStock" name="test_C_sale_uomo_does_not_affect_donna" time="0.618" /><testcase classname="tests.backend_test.TestShopifyConn" name="test_list_connections" time="0.077" /><testcase classname="tests.backend_test.TestShopifyConn" name="test_update_and_test_connection" time="0.179" /><testcase classname="tests.backend_test.TestShopifyConn" name="test_sync_enqueues" time="0.150" /><testcase classname="tests.backend_test.TestShopifyConn" name="test_sync_jobs_list" time="0.096" /><testcase classname="tests.backend_test.TestVariantLookup" name="test_lookup_by_ean" time="0.071" /><testcase classname="tests.backend_test.TestPOSAndStock" name="test_sale_insufficient_stock_400" time="0.210" /><testcase classname="tests.backend_test.TestVariantLookup" name="test_lookup_by_sku" time="0.119" /><testcase classname="tests.backend_test.TestVariantLookup" name="test_lookup_not_found" time="0.093" /><testcase classname="tests.backend_test.TestMeta" name="test_locations" time="0.077" /><testcase classname="tests.backend_test.TestTransfers" name="test_D_transfer_donna1_to_donna2" time="0.349" /><testcase classname="tests.backend_test.TestMeta" name="test_pools" time="0.065" /><testcase classname="tests.backend_test.TestMeta" name="test_products_seed" time="0.101" /><testcase classname="tests.backend_test.TestUsers" name="test_list_users_admin" time="0.111" /><testcase classname="tests.backend_test.TestUsers" name="test_create_user_requires_admin" time="0.367" /><testcase classname="tests.backend_test.TestTransfers" name="test_transfer_cross_pool_rejected" time="0.493" /><testcase classname="tests.backend_test.TestCSV" name="test_csv_preview" time="0.113" /><testcase classname="tests.backend_test.TestCSV" name="test_csv_import" time="0.077" /><testcase classname="tests.backend_test.TestProductCreate" name="test_create_product_invalid_channel_for_donna" time="0.110" /><testcase classname="tests.backend_test.TestProductCreate" name="test_create_product_valid" time="0.256" /><testcase classname="tests.test_supplementary.TestCashierPermissions" name="test_cassiere_cannot_list_users" time="0.388" /><testcase classname="tests.backend_test.TestShopifyWebhook" name="test_E_webhook_idempotent" time="0.739" /><testcase classname="tests.test_supplementary.TestCashierPermissions" name="test_cassiere_cannot_create_users" time="0.116" /><testcase classname="tests.backend_test.TestDashboard" name="test_dashboard_summary" time="0.088" /><testcase classname="tests.backend_test.TestPromotions" name="test_create_promotion" time="0.077" /><testcase classname="tests.test_supplementary.TestDuplicateSKU" name="test_duplicate_sku_rejected" time="0.432" /><testcase classname="tests.backend_test.TestMovements" name="test_movements_list" time="0.073" /><testcase classname="tests.test_supplementary.TestChannelValidation" name="test_donna_with_shopify_uomo_rejected" time="0.077" /><testcase classname="tests.backend_test.TestAudit" name="test_audit_logs" time="0.069" /><testcase classname="tests.test_supplementary.TestAuditLogsAfterWrites" name="test_audit_logs_ok_after_activity" time="0.086" /><testcase classname="tests.test_supplementary.TestWebhookIdempotencyStrict" name="test_double_webhook_same_external_id" time="1.677" /><testcase classname="tests.test_supplementary.TestPoolConsistency" name="test_donna_pool_invariant_after_transfer" time="1.720" /><testcase classname="tests.test_supplementary" name="test_mongo_indexes_present" time="0.001"><skipped type="pytest.skip" message="MONGO_URL/DB_NAME not set">/app/backend/tests/test_supplementary.py:128: MONGO_URL/DB_NAME not set</skipped></testcase></testsuite></testsuites>