<?xml version="1.0" encoding="utf-8"?><testsuites name="pytest tests"><testsuite name="pytest" errors="0" failures="2" skipped="0" tests="33" time="4.751" timestamp="2026-08-24T18:22:16.160221+00:00" hostname="agent-env-2ba2e801-82fc-44b7-bf47-ad63f00465ef"><testcase classname="tests.backend_test.TestAuth" name="test_login_admin" time="0.504" /><testcase classname="tests.backend_test.TestAuth" name="test_login_demo_cassa_donna1" time="0.511" /><testcase classname="tests.backend_test.TestPOSAndStock" name="test_A_sale_donna1_decrements_only_donna1" time="1.016"><failure message="AssertionError: seed expects Donna1 stock&#10;assert 0 &gt;= 1">backend/tests/backend_test.py:125: in test_A_sale_donna1_decrements_only_donna1
    assert before_d1 &gt;= 1, "seed expects Donna1 stock"
E   AssertionError: seed expects Donna1 stock
E   assert 0 &gt;= 1</failure></testcase><testcase classname="tests.backend_test.TestAuth" name="test_login_wrong_password" time="0.310" /><testcase classname="tests.backend_test.TestPOSAndStock" name="test_B_sale_donna2_decrements_only_donna2" time="0.608" /><testcase classname="tests.backend_test.TestPOSAndStock" name="test_C_sale_uomo_does_not_affect_donna" time="0.622" /><testcase classname="tests.backend_test.TestAuth" name="test_me_with_bearer" time="0.501" /><testcase classname="tests.backend_test.TestAuth" name="test_me_without_token" time="0.092" /><testcase classname="tests.backend_test.TestAuth" name="test_demo_users_list" time="0.130" /><testcase classname="tests.backend_test.TestMeta" name="test_locations" time="0.077" /><testcase classname="tests.backend_test.TestMeta" name="test_pools" time="0.096" /><testcase classname="tests.backend_test.TestMeta" name="test_products_seed" time="0.091" /><testcase classname="tests.backend_test.TestPOSAndStock" name="test_sale_insufficient_stock_400" time="0.189" /><testcase classname="tests.backend_test.TestVariantLookup" name="test_lookup_by_ean" time="0.141" /><testcase classname="tests.backend_test.TestVariantLookup" name="test_lookup_by_sku" time="0.107" /><testcase classname="tests.backend_test.TestShopifyConn" name="test_list_connections" time="0.097" /><testcase classname="tests.backend_test.TestVariantLookup" name="test_lookup_not_found" time="0.159" /><testcase classname="tests.backend_test.TestShopifyConn" name="test_update_and_test_connection" time="0.218" /><testcase classname="tests.backend_test.TestTransfers" name="test_D_transfer_donna1_to_donna2" time="0.307" /><testcase classname="tests.backend_test.TestShopifyConn" name="test_sync_enqueues" time="0.124" /><testcase classname="tests.backend_test.TestShopifyConn" name="test_sync_jobs_list" time="0.086" /><testcase classname="tests.backend_test.TestUsers" name="test_list_users_admin" time="0.077" /><testcase classname="tests.backend_test.TestTransfers" name="test_transfer_cross_pool_rejected" time="0.370" /><testcase classname="tests.backend_test.TestUsers" name="test_create_user_requires_admin" time="0.463" /><testcase classname="tests.backend_test.TestProductCreate" name="test_create_product_invalid_channel_for_donna" time="0.074" /><testcase classname="tests.backend_test.TestProductCreate" name="test_create_product_valid" time="0.132" /><testcase classname="tests.backend_test.TestCSV" name="test_csv_preview" time="0.117" /><testcase classname="tests.backend_test.TestShopifyWebhook" name="test_E_webhook_idempotent" time="0.441"><failure message="assert 0 == (0 - 1)">backend/tests/backend_test.py:223: in test_E_webhook_idempotent
    assert after_total == before_total - 1  # decremented once only
    ^^^^^^^^^^^^^^^^^^^^^^^^^^^^^^^^^^^^^^
E   assert 0 == (0 - 1)</failure></testcase><testcase classname="tests.backend_test.TestCSV" name="test_csv_import" time="0.144" /><testcase classname="tests.backend_test.TestMovements" name="test_movements_list" time="0.092" /><testcase classname="tests.backend_test.TestPromotions" name="test_create_promotion" time="0.100" /><testcase classname="tests.backend_test.TestDashboard" name="test_dashboard_summary" time="0.104" /><testcase classname="tests.backend_test.TestAudit" name="test_audit_logs" time="0.082" /></testsuite></testsuites>