<?xml version="1.0" encoding="utf-8"?><testsuites name="pytest tests"><testsuite name="pytest" errors="0" failures="0" skipped="0" tests="33" time="4.832" timestamp="2026-08-24T20:43:11.121744+00:00" hostname="agent-env-2ba2e801-82fc-44b7-bf47-ad63f00465ef"><testcase classname="tests.backend_test.TestAuth" name="test_login_admin" time="0.729" /><testcase classname="tests.backend_test.TestPOSAndStock" name="test_A_sale_donna1_decrements_only_donna1" time="1.694" /><testcase classname="tests.backend_test.TestAuth" name="test_login_demo_cassa_donna1" time="0.321" /><testcase classname="tests.backend_test.TestAuth" name="test_login_wrong_password" time="0.337" /><testcase classname="tests.backend_test.TestAuth" name="test_me_with_bearer" time="0.377" /><testcase classname="tests.backend_test.TestPOSAndStock" name="test_B_sale_donna2_decrements_only_donna2" time="0.346" /><testcase classname="tests.backend_test.TestAuth" name="test_me_without_token" time="0.108" /><testcase classname="tests.backend_test.TestAuth" name="test_demo_users_list" time="0.071" /><testcase classname="tests.backend_test.TestShopifyConn" name="test_list_connections" time="0.068" /><testcase classname="tests.backend_test.TestShopifyConn" name="test_update_and_test_connection" time="0.168" /><testcase classname="tests.backend_test.TestPOSAndStock" name="test_C_sale_uomo_does_not_affect_donna" time="0.615" /><testcase classname="tests.backend_test.TestShopifyConn" name="test_sync_enqueues" time="0.130" /><testcase classname="tests.backend_test.TestShopifyConn" name="test_sync_jobs_list" time="0.082" /><testcase classname="tests.backend_test.TestVariantLookup" name="test_lookup_by_ean" time="0.116" /><testcase classname="tests.backend_test.TestVariantLookup" name="test_lookup_by_sku" time="0.074" /><testcase classname="tests.backend_test.TestVariantLookup" name="test_lookup_not_found" time="0.123" /><testcase classname="tests.backend_test.TestPOSAndStock" name="test_sale_insufficient_stock_400" time="0.282" /><testcase classname="tests.backend_test.TestTransfers" name="test_D_transfer_donna1_to_donna2" time="0.363" /><testcase classname="tests.backend_test.TestMeta" name="test_locations" time="0.112" /><testcase classname="tests.backend_test.TestMeta" name="test_pools" time="0.074" /><testcase classname="tests.backend_test.TestTransfers" name="test_transfer_cross_pool_rejected" time="0.238" /><testcase classname="tests.backend_test.TestMeta" name="test_products_seed" time="0.166" /><testcase classname="tests.backend_test.TestUsers" name="test_list_users_admin" time="0.081" /><testcase classname="tests.backend_test.TestProductCreate" name="test_create_product_invalid_channel_for_donna" time="0.078" /><testcase classname="tests.backend_test.TestUsers" name="test_create_user_requires_admin" time="0.437" /><testcase classname="tests.backend_test.TestProductCreate" name="test_create_product_valid" time="0.294" /><testcase classname="tests.backend_test.TestShopifyWebhook" name="test_E_webhook_idempotent" time="0.432" /><testcase classname="tests.backend_test.TestCSV" name="test_csv_preview" time="0.070" /><testcase classname="tests.backend_test.TestCSV" name="test_csv_import" time="0.089" /><testcase classname="tests.backend_test.TestAudit" name="test_audit_logs" time="0.072" /><testcase classname="tests.backend_test.TestPromotions" name="test_create_promotion" time="0.079" /><testcase classname="tests.backend_test.TestDashboard" name="test_dashboard_summary" time="0.073" /><testcase classname="tests.backend_test.TestMovements" name="test_movements_list" time="0.108" /></testsuite></testsuites>